build/app/intermediates/manifest_merge_blame_file/release/manifest-merger-blame-release-report.txt
1<?xml version="1.0" encoding="utf-8"?>
2<manifest xmlns:android="http://schemas.android.com/apk/res/android"
3    package="com.nostrumlite.android"
4    android:versionCode="3"
5    android:versionName="1.0.2" >
6
7    <uses-sdk
8        android:minSdkVersion="21"
8-->src/main/AndroidManifest.xml
9        android:targetSdkVersion="33" />
9-->src/main/AndroidManifest.xml
10
11    <uses-permission android:name="android.permission.INTERNET" />
11-->src/main/AndroidManifest.xml:4:4-66
11-->src/main/AndroidManifest.xml:4:21-63
12
13    <queries>
13-->src/main/AndroidManifest.xml:5:4-31:15
14        <intent>
14-->src/main/AndroidManifest.xml:6:6-8:15
15            <action android:name="android.intent.action.TTS_SERVICE" />
15-->src/main/AndroidManifest.xml:7:9-68
15-->src/main/AndroidManifest.xml:7:17-65
16        </intent>
17        <!-- If your app checks for SMS support -->
18        <intent>
18-->src/main/AndroidManifest.xml:10:6-13:15
19            <action android:name="android.intent.action.VIEW" />
19-->src/main/AndroidManifest.xml:11:9-61
19-->src/main/AndroidManifest.xml:11:17-58
20
21            <data android:scheme="sms" />
21-->src/main/AndroidManifest.xml:12:9-38
21-->src/main/AndroidManifest.xml:12:15-35
22        </intent>
23        <!-- If your app checks for call support -->
24        <intent>
24-->src/main/AndroidManifest.xml:15:6-18:15
25            <action android:name="android.intent.action.VIEW" />
25-->src/main/AndroidManifest.xml:11:9-61
25-->src/main/AndroidManifest.xml:11:17-58
26
27            <data android:scheme="tel" />
27-->src/main/AndroidManifest.xml:12:9-38
27-->src/main/AndroidManifest.xml:12:15-35
28        </intent>
29        <intent>
29-->src/main/AndroidManifest.xml:19:8-22:15
30            <action android:name="android.intent.action.VIEW" />
30-->src/main/AndroidManifest.xml:11:9-61
30-->src/main/AndroidManifest.xml:11:17-58
31
32            <data android:scheme="https" />
32-->src/main/AndroidManifest.xml:12:9-38
32-->src/main/AndroidManifest.xml:12:15-35
33        </intent>
34        <intent>
34-->src/main/AndroidManifest.xml:23:7-26:15
35            <action android:name="android.intent.action.VIEW" />
35-->src/main/AndroidManifest.xml:11:9-61
35-->src/main/AndroidManifest.xml:11:17-58
36
37            <data android:scheme="mailto" />
37-->src/main/AndroidManifest.xml:12:9-38
37-->src/main/AndroidManifest.xml:12:15-35
38        </intent>
39        <intent>
39-->src/main/AndroidManifest.xml:27:6-30:15
40            <action android:name="android.intent.action.VIEW" />
40-->src/main/AndroidManifest.xml:11:9-61
40-->src/main/AndroidManifest.xml:11:17-58
41
42            <data android:scheme="whatsapp" />
42-->src/main/AndroidManifest.xml:12:9-38
42-->src/main/AndroidManifest.xml:12:15-35
43        </intent>
44        <!-- Needs to be explicitly declared on Android R+ -->
45        <package android:name="com.google.android.apps.maps" />
45-->[com.google.android.gms:play-services-maps:18.1.0] AndroidManifest.xml:33:9-64
45-->[com.google.android.gms:play-services-maps:18.1.0] AndroidManifest.xml:33:18-61
46    </queries>
47
48    <uses-permission android:name="android.permission.WAKE_LOCK" />
48-->[:firebase_messaging] AndroidManifest.xml:10:5-68
48-->[:firebase_messaging] AndroidManifest.xml:10:22-65
49    <uses-permission android:name="android.permission.ACCESS_NETWORK_STATE" /> <!-- Permissions options for the `notification` group -->
49-->[:firebase_messaging] AndroidManifest.xml:11:5-79
49-->[:firebase_messaging] AndroidManifest.xml:11:22-76
50    <uses-permission android:name="android.permission.POST_NOTIFICATIONS" />
50-->[:firebase_messaging] AndroidManifest.xml:13:5-77
50-->[:firebase_messaging] AndroidManifest.xml:13:22-74
51    <uses-permission android:name="android.permission.VIBRATE" /> <!-- Required by older versions of Google Play services to create IID tokens -->
51-->[:flutter_local_notifications] AndroidManifest.xml:9:5-66
51-->[:flutter_local_notifications] AndroidManifest.xml:9:22-63
52    <uses-permission android:name="com.google.android.c2dm.permission.RECEIVE" />
52-->[com.google.firebase:firebase-iid:21.1.0] AndroidManifest.xml:26:5-82
52-->[com.google.firebase:firebase-iid:21.1.0] AndroidManifest.xml:26:22-79
53
54    <uses-feature
54-->[com.google.android.gms:play-services-maps:18.1.0] AndroidManifest.xml:26:5-28:35
55        android:glEsVersion="0x00020000"
55-->[com.google.android.gms:play-services-maps:18.1.0] AndroidManifest.xml:27:9-41
56        android:required="true" />
56-->[com.google.android.gms:play-services-maps:18.1.0] AndroidManifest.xml:28:9-32
57
58    <permission
58-->[androidx.core:core:1.10.1] AndroidManifest.xml:22:5-24:47
59        android:name="com.nostrumlite.android.DYNAMIC_RECEIVER_NOT_EXPORTED_PERMISSION"
59-->[androidx.core:core:1.10.1] AndroidManifest.xml:23:9-81
60        android:protectionLevel="signature" />
60-->[androidx.core:core:1.10.1] AndroidManifest.xml:24:9-44
61
62    <uses-permission android:name="com.nostrumlite.android.DYNAMIC_RECEIVER_NOT_EXPORTED_PERMISSION" />
62-->[androidx.core:core:1.10.1] AndroidManifest.xml:26:5-97
62-->[androidx.core:core:1.10.1] AndroidManifest.xml:26:22-94
63
64    <application
65        android:name="android.app.Application"
65-->src/main/AndroidManifest.xml:36:9-42
66        android:appComponentFactory="androidx.core.app.CoreComponentFactory"
66-->[androidx.core:core:1.10.1] AndroidManifest.xml:28:18-86
67        android:icon="@mipmap/launcher_icon"
67-->src/main/AndroidManifest.xml:37:9-45
68        android:label="Nostrum track"
68-->src/main/AndroidManifest.xml:34:9-38
69        android:usesCleartextTraffic="true" >
69-->src/main/AndroidManifest.xml:35:9-44
70        <meta-data
70-->src/main/AndroidManifest.xml:38:9-123
71            android:name="com.google.android.geo.API_KEY"
71-->src/main/AndroidManifest.xml:38:20-65
72            android:value="AIzaSyAGRntaClccj2f-In9knfyGw_zYF7lx1Mk" />
72-->src/main/AndroidManifest.xml:38:66-121
73
74        <activity
74-->src/main/AndroidManifest.xml:39:9-62:20
75            android:name="com.nostrumlite.android.MainActivity"
75-->src/main/AndroidManifest.xml:40:13-41
76            android:configChanges="orientation|keyboardHidden|keyboard|screenSize|smallestScreenSize|locale|layoutDirection|fontScale|screenLayout|density|uiMode"
76-->src/main/AndroidManifest.xml:44:13-163
77            android:exported="true"
77-->src/main/AndroidManifest.xml:41:13-36
78            android:hardwareAccelerated="true"
78-->src/main/AndroidManifest.xml:45:13-47
79            android:launchMode="singleTop"
79-->src/main/AndroidManifest.xml:42:13-43
80            android:theme="@style/LaunchTheme"
80-->src/main/AndroidManifest.xml:43:13-47
81            android:windowSoftInputMode="adjustResize" >
81-->src/main/AndroidManifest.xml:46:13-55
82
83            <!--
84                 Specifies an Android theme to apply to this Activity as soon as
85                 the Android process has started. This theme is visible to the user
86                 while the Flutter UI initializes. After that, this theme continues
87                 to determine the Window background behind the Flutter UI.
88            -->
89            <meta-data
89-->src/main/AndroidManifest.xml:51:13-54:17
90                android:name="io.flutter.embedding.android.NormalTheme"
90-->src/main/AndroidManifest.xml:52:15-70
91                android:resource="@style/NormalTheme" />
91-->src/main/AndroidManifest.xml:53:15-52
92            <meta-data
92-->src/main/AndroidManifest.xml:55:13-57:60
93                android:name="com.google.firebase.messaging.default_notification_channel_id"
93-->src/main/AndroidManifest.xml:56:18-94
94                android:value="com.nostrumlite.android" />
94-->src/main/AndroidManifest.xml:57:18-57
95
96            <intent-filter>
96-->src/main/AndroidManifest.xml:58:13-61:29
97                <action android:name="android.intent.action.MAIN" />
97-->src/main/AndroidManifest.xml:59:17-68
97-->src/main/AndroidManifest.xml:59:25-66
98
99                <category android:name="android.intent.category.LAUNCHER" />
99-->src/main/AndroidManifest.xml:60:17-76
99-->src/main/AndroidManifest.xml:60:27-74
100            </intent-filter>
101        </activity>
102        <!--
103             Don't delete the meta-data below.
104             This is used by the Flutter tool to generate GeneratedPluginRegistrant.java
105        -->
106        <meta-data
106-->src/main/AndroidManifest.xml:65:9-67:33
107            android:name="flutterEmbedding"
107-->src/main/AndroidManifest.xml:66:13-44
108            android:value="2" />
108-->src/main/AndroidManifest.xml:67:13-30
109
110        <service
110-->[:firebase_messaging] AndroidManifest.xml:16:9-19:72
111            android:name="io.flutter.plugins.firebase.messaging.FlutterFirebaseMessagingBackgroundService"
111-->[:firebase_messaging] AndroidManifest.xml:17:13-107
112            android:exported="false"
112-->[:firebase_messaging] AndroidManifest.xml:18:13-37
113            android:permission="android.permission.BIND_JOB_SERVICE" />
113-->[:firebase_messaging] AndroidManifest.xml:19:13-69
114        <service
114-->[:firebase_messaging] AndroidManifest.xml:20:9-26:19
115            android:name="io.flutter.plugins.firebase.messaging.FlutterFirebaseMessagingService"
115-->[:firebase_messaging] AndroidManifest.xml:21:13-97
116            android:exported="false" >
116-->[:firebase_messaging] AndroidManifest.xml:22:13-37
117            <intent-filter>
117-->[:firebase_messaging] AndroidManifest.xml:23:13-25:29
118                <action android:name="com.google.firebase.MESSAGING_EVENT" />
118-->[:firebase_messaging] AndroidManifest.xml:24:17-78
118-->[:firebase_messaging] AndroidManifest.xml:24:25-75
119            </intent-filter>
120        </service>
121
122        <receiver
122-->[:firebase_messaging] AndroidManifest.xml:28:9-35:20
123            android:name="io.flutter.plugins.firebase.messaging.FlutterFirebaseMessagingReceiver"
123-->[:firebase_messaging] AndroidManifest.xml:29:13-98
124            android:exported="true"
124-->[:firebase_messaging] AndroidManifest.xml:30:13-36
125            android:permission="com.google.android.c2dm.permission.SEND" >
125-->[:firebase_messaging] AndroidManifest.xml:31:13-73
126            <intent-filter>
126-->[:firebase_messaging] AndroidManifest.xml:32:13-34:29
127                <action android:name="com.google.android.c2dm.intent.RECEIVE" />
127-->[:firebase_messaging] AndroidManifest.xml:33:17-81
127-->[:firebase_messaging] AndroidManifest.xml:33:25-78
128            </intent-filter>
129        </receiver>
130
131        <service
131-->[:firebase_messaging] AndroidManifest.xml:37:9-41:19
132            android:name="com.google.firebase.components.ComponentDiscoveryService"
132-->[:firebase_messaging] AndroidManifest.xml:37:18-89
133            android:directBootAware="true"
133-->[com.google.firebase:firebase-common:20.3.3] AndroidManifest.xml:34:13-43
134            android:exported="false" >
134-->[com.google.firebase:firebase-iid:21.1.0] AndroidManifest.xml:31:13-37
135            <meta-data
135-->[:firebase_messaging] AndroidManifest.xml:38:13-40:85
136                android:name="com.google.firebase.components:io.flutter.plugins.firebase.messaging.FlutterFirebaseAppRegistrar"
136-->[:firebase_messaging] AndroidManifest.xml:39:17-128
137                android:value="com.google.firebase.components.ComponentRegistrar" />
137-->[:firebase_messaging] AndroidManifest.xml:40:17-82
138            <meta-data
138-->[:firebase_core] AndroidManifest.xml:11:13-13:85
139                android:name="com.google.firebase.components:io.flutter.plugins.firebase.core.FlutterFirebaseCoreRegistrar"
139-->[:firebase_core] AndroidManifest.xml:12:17-124
140                android:value="com.google.firebase.components.ComponentRegistrar" />
140-->[:firebase_core] AndroidManifest.xml:13:17-82
141            <meta-data
141-->[com.google.firebase:firebase-iid:21.1.0] AndroidManifest.xml:32:13-34:85
142                android:name="com.google.firebase.components:com.google.firebase.iid.Registrar"
142-->[com.google.firebase:firebase-iid:21.1.0] AndroidManifest.xml:33:17-96
143                android:value="com.google.firebase.components.ComponentRegistrar" />
143-->[com.google.firebase:firebase-iid:21.1.0] AndroidManifest.xml:34:17-82
144            <meta-data
144-->[com.google.firebase:firebase-messaging:23.2.1] AndroidManifest.xml:53:13-55:85
145                android:name="com.google.firebase.components:com.google.firebase.messaging.FirebaseMessagingRegistrar"
145-->[com.google.firebase:firebase-messaging:23.2.1] AndroidManifest.xml:54:17-119
146                android:value="com.google.firebase.components.ComponentRegistrar" />
146-->[com.google.firebase:firebase-messaging:23.2.1] AndroidManifest.xml:55:17-82
147            <meta-data
147-->[com.google.firebase:firebase-installations:17.1.4] AndroidManifest.xml:15:13-17:85
148                android:name="com.google.firebase.components:com.google.firebase.installations.FirebaseInstallationsRegistrar"
148-->[com.google.firebase:firebase-installations:17.1.4] AndroidManifest.xml:16:17-127
149                android:value="com.google.firebase.components.ComponentRegistrar" />
149-->[com.google.firebase:firebase-installations:17.1.4] AndroidManifest.xml:17:17-82
150            <meta-data
150-->[com.google.firebase:firebase-datatransport:18.1.7] AndroidManifest.xml:27:13-29:85
151                android:name="com.google.firebase.components:com.google.firebase.datatransport.TransportRegistrar"
151-->[com.google.firebase:firebase-datatransport:18.1.7] AndroidManifest.xml:28:17-115
152                android:value="com.google.firebase.components.ComponentRegistrar" />
152-->[com.google.firebase:firebase-datatransport:18.1.7] AndroidManifest.xml:29:17-82
153        </service>
154
155        <provider
155-->[:firebase_messaging] AndroidManifest.xml:43:9-47:38
156            android:name="io.flutter.plugins.firebase.messaging.FlutterFirebaseMessagingInitProvider"
156-->[:firebase_messaging] AndroidManifest.xml:44:13-102
157            android:authorities="com.nostrumlite.android.flutterfirebasemessaginginitprovider"
157-->[:firebase_messaging] AndroidManifest.xml:45:13-88
158            android:exported="false"
158-->[:firebase_messaging] AndroidManifest.xml:46:13-37
159            android:initOrder="99" />
159-->[:firebase_messaging] AndroidManifest.xml:47:13-35
160
161        <activity
161-->[:url_launcher_android] AndroidManifest.xml:10:9-13:74
162            android:name="io.flutter.plugins.urllauncher.WebViewActivity"
162-->[:url_launcher_android] AndroidManifest.xml:11:13-74
163            android:exported="false"
163-->[:url_launcher_android] AndroidManifest.xml:12:13-37
164            android:theme="@android:style/Theme.NoTitleBar.Fullscreen" />
164-->[:url_launcher_android] AndroidManifest.xml:13:13-71
165        <!--
166           Declares a provider which allows us to store files to share in
167           '.../caches/share_plus' and grant the receiving action access
168        -->
169        <provider
169-->[:share_plus] AndroidManifest.xml:15:9-23:20
170            android:name="dev.fluttercommunity.plus.share.ShareFileProvider"
170-->[:share_plus] AndroidManifest.xml:16:13-77
171            android:authorities="com.nostrumlite.android.flutter.share_provider"
171-->[:share_plus] AndroidManifest.xml:17:13-74
172            android:exported="false"
172-->[:share_plus] AndroidManifest.xml:18:13-37
173            android:grantUriPermissions="true" >
173-->[:share_plus] AndroidManifest.xml:19:13-47
174            <meta-data
174-->[:share_plus] AndroidManifest.xml:20:13-22:68
175                android:name="android.support.FILE_PROVIDER_PATHS"
175-->[:share_plus] AndroidManifest.xml:21:17-67
176                android:resource="@xml/flutter_share_file_paths" />
176-->[:share_plus] AndroidManifest.xml:22:17-65
177        </provider>
178        <!--
179           This manifest declared broadcast receiver allows us to use an explicit
180           Intent when creating a PendingItent to be informed of the user's choice
181        -->
182        <receiver
182-->[:share_plus] AndroidManifest.xml:28:9-34:20
183            android:name="dev.fluttercommunity.plus.share.SharePlusPendingIntent"
183-->[:share_plus] AndroidManifest.xml:29:13-82
184            android:exported="false" >
184-->[:share_plus] AndroidManifest.xml:30:13-37
185            <intent-filter>
185-->[:share_plus] AndroidManifest.xml:31:13-33:29
186                <action android:name="EXTRA_CHOSEN_COMPONENT" />
186-->[:share_plus] AndroidManifest.xml:32:17-65
186-->[:share_plus] AndroidManifest.xml:32:25-62
187            </intent-filter>
188        </receiver>
189
190        <uses-library
190-->[androidx.window:window:1.0.0] AndroidManifest.xml:25:9-27:40
191            android:name="androidx.window.extensions"
191-->[androidx.window:window:1.0.0] AndroidManifest.xml:26:13-54
192            android:required="false" />
192-->[androidx.window:window:1.0.0] AndroidManifest.xml:27:13-37
193        <uses-library
193-->[androidx.window:window:1.0.0] AndroidManifest.xml:28:9-30:40
194            android:name="androidx.window.sidecar"
194-->[androidx.window:window:1.0.0] AndroidManifest.xml:29:13-51
195            android:required="false" />
195-->[androidx.window:window:1.0.0] AndroidManifest.xml:30:13-37
196
197        <receiver
197-->[com.google.firebase:firebase-messaging:23.2.1] AndroidManifest.xml:29:9-36:20
198            android:name="com.google.firebase.iid.FirebaseInstanceIdReceiver"
198-->[com.google.firebase:firebase-messaging:23.2.1] AndroidManifest.xml:30:13-78
199            android:exported="true"
199-->[com.google.firebase:firebase-messaging:23.2.1] AndroidManifest.xml:31:13-36
200            android:permission="com.google.android.c2dm.permission.SEND" >
200-->[com.google.firebase:firebase-messaging:23.2.1] AndroidManifest.xml:32:13-73
201            <intent-filter>
201-->[:firebase_messaging] AndroidManifest.xml:32:13-34:29
202                <action android:name="com.google.android.c2dm.intent.RECEIVE" />
202-->[:firebase_messaging] AndroidManifest.xml:33:17-81
202-->[:firebase_messaging] AndroidManifest.xml:33:25-78
203            </intent-filter>
204        </receiver>
205        <!--
206             FirebaseMessagingService performs security checks at runtime,
207             but set to not exported to explicitly avoid allowing another app to call it.
208        -->
209        <service
209-->[com.google.firebase:firebase-messaging:23.2.1] AndroidManifest.xml:42:9-49:19
210            android:name="com.google.firebase.messaging.FirebaseMessagingService"
210-->[com.google.firebase:firebase-messaging:23.2.1] AndroidManifest.xml:43:13-82
211            android:directBootAware="true"
211-->[com.google.firebase:firebase-messaging:23.2.1] AndroidManifest.xml:44:13-43
212            android:exported="false" >
212-->[com.google.firebase:firebase-messaging:23.2.1] AndroidManifest.xml:45:13-37
213            <intent-filter android:priority="-500" >
213-->[:firebase_messaging] AndroidManifest.xml:23:13-25:29
214                <action android:name="com.google.firebase.MESSAGING_EVENT" />
214-->[:firebase_messaging] AndroidManifest.xml:24:17-78
214-->[:firebase_messaging] AndroidManifest.xml:24:25-75
215            </intent-filter>
216        </service>
217
218        <provider
218-->[com.google.firebase:firebase-common:20.3.3] AndroidManifest.xml:25:9-30:39
219            android:name="com.google.firebase.provider.FirebaseInitProvider"
219-->[com.google.firebase:firebase-common:20.3.3] AndroidManifest.xml:26:13-77
220            android:authorities="com.nostrumlite.android.firebaseinitprovider"
220-->[com.google.firebase:firebase-common:20.3.3] AndroidManifest.xml:27:13-72
221            android:directBootAware="true"
221-->[com.google.firebase:firebase-common:20.3.3] AndroidManifest.xml:28:13-43
222            android:exported="false"
222-->[com.google.firebase:firebase-common:20.3.3] AndroidManifest.xml:29:13-37
223            android:initOrder="100" /> <!-- Needs to be explicitly declared on P+ -->
223-->[com.google.firebase:firebase-common:20.3.3] AndroidManifest.xml:30:13-36
224        <uses-library
224-->[com.google.android.gms:play-services-maps:18.1.0] AndroidManifest.xml:39:9-41:40
225            android:name="org.apache.http.legacy"
225-->[com.google.android.gms:play-services-maps:18.1.0] AndroidManifest.xml:40:13-50
226            android:required="false" />
226-->[com.google.android.gms:play-services-maps:18.1.0] AndroidManifest.xml:41:13-37
227
228        <activity
228-->[com.google.android.gms:play-services-base:18.0.1] AndroidManifest.xml:20:9-22:45
229            android:name="com.google.android.gms.common.api.GoogleApiActivity"
229-->[com.google.android.gms:play-services-base:18.0.1] AndroidManifest.xml:20:19-85
230            android:exported="false"
230-->[com.google.android.gms:play-services-base:18.0.1] AndroidManifest.xml:22:19-43
231            android:theme="@android:style/Theme.Translucent.NoTitleBar" />
231-->[com.google.android.gms:play-services-base:18.0.1] AndroidManifest.xml:21:19-78
232
233        <meta-data
233-->[com.google.android.gms:play-services-basement:18.1.0] AndroidManifest.xml:21:9-23:69
234            android:name="com.google.android.gms.version"
234-->[com.google.android.gms:play-services-basement:18.1.0] AndroidManifest.xml:22:13-58
235            android:value="@integer/google_play_services_version" />
235-->[com.google.android.gms:play-services-basement:18.1.0] AndroidManifest.xml:23:13-66
236
237        <service
237-->[com.google.android.datatransport:transport-backend-cct:3.1.8] AndroidManifest.xml:28:9-34:19
238            android:name="com.google.android.datatransport.runtime.backends.TransportBackendDiscovery"
238-->[com.google.android.datatransport:transport-backend-cct:3.1.8] AndroidManifest.xml:29:13-103
239            android:exported="false" >
239-->[com.google.android.datatransport:transport-backend-cct:3.1.8] AndroidManifest.xml:30:13-37
240            <meta-data
240-->[com.google.android.datatransport:transport-backend-cct:3.1.8] AndroidManifest.xml:31:13-33:39
241                android:name="backend:com.google.android.datatransport.cct.CctBackendFactory"
241-->[com.google.android.datatransport:transport-backend-cct:3.1.8] AndroidManifest.xml:32:17-94
242                android:value="cct" />
242-->[com.google.android.datatransport:transport-backend-cct:3.1.8] AndroidManifest.xml:33:17-36
243        </service>
244        <service
244-->[com.google.android.datatransport:transport-runtime:3.1.8] AndroidManifest.xml:26:9-30:19
245            android:name="com.google.android.datatransport.runtime.scheduling.jobscheduling.JobInfoSchedulerService"
245-->[com.google.android.datatransport:transport-runtime:3.1.8] AndroidManifest.xml:27:13-117
246            android:exported="false"
246-->[com.google.android.datatransport:transport-runtime:3.1.8] AndroidManifest.xml:28:13-37
247            android:permission="android.permission.BIND_JOB_SERVICE" >
247-->[com.google.android.datatransport:transport-runtime:3.1.8] AndroidManifest.xml:29:13-69
248        </service>
249
250        <receiver
250-->[com.google.android.datatransport:transport-runtime:3.1.8] AndroidManifest.xml:32:9-34:40
251            android:name="com.google.android.datatransport.runtime.scheduling.jobscheduling.AlarmManagerSchedulerBroadcastReceiver"
251-->[com.google.android.datatransport:transport-runtime:3.1.8] AndroidManifest.xml:33:13-132
252            android:exported="false" />
252-->[com.google.android.datatransport:transport-runtime:3.1.8] AndroidManifest.xml:34:13-37
253    </application>
254
255</manifest>